<?xml version="1.0" encoding="UTF-8"?>
<!-- Generated by org.testng.reporters.JUnitReportReporter -->
<testsuite skipped="0" hostname="INW-169" name="DataProvider.LoginKeno" tests="1" failures="0" timestamp="22 Jul 2019 08:48:59 GMT" time="52.978" errors="0">
  <testcase name="playKeno" time="52.978" classname="DataProvider.LoginKeno"/>
</testsuite> <!-- DataProvider.LoginKeno -->
