<?xml version="1.0" encoding="UTF-8"?>
<!-- Generated by org.testng.reporters.JUnitReportReporter -->
<testsuite skipped="0" hostname="INW-169" name="Test.CompleteKenoTest" tests="1" failures="0" timestamp="02 Aug 2019 15:31:32 GMT" time="529.096" errors="0">
  <testcase name="completeKenoTest" time="529.096" classname="Test.CompleteKenoTest"/>
</testsuite> <!-- Test.CompleteKenoTest -->
