<?xml version="1.0" encoding="UTF-8"?>
<!-- Generated by org.testng.reporters.JUnitReportReporter -->
<testsuite skipped="0" hostname="INW-169" name="Test.AddTest" tests="1" failures="0" timestamp="08 Aug 2019 15:48:18 GMT" time="123.483" errors="0">
  <testcase name="testAddOnHomePage" time="123.483" classname="Test.AddTest"/>
</testsuite> <!-- Test.AddTest -->
