<?xml version="1.0" encoding="UTF-8"?>
<!-- Generated by org.testng.reporters.JUnitReportReporter -->
<testsuite skipped="0" hostname="INW-169" name="Test.PlayBonusGame" tests="1" failures="0" timestamp="02 Aug 2019 13:16:43 GMT" time="892.197" errors="0">
  <testcase name="reachBonusGamePage" time="892.197" classname="Test.PlayBonusGame"/>
</testsuite> <!-- Test.PlayBonusGame -->
