<?xml version="1.0" encoding="UTF-8"?>
<!-- Generated by org.testng.reporters.JUnitReportReporter -->
<testsuite skipped="0" hostname="INW-169" name="DataProvider.DataProviderTest" tests="2" failures="0" timestamp="19 Jul 2019 15:00:17 GMT" time="112.342" errors="0">
  <testcase name="playDemo" time="54.679" classname="DataProvider.DataProviderTest"/>
  <testcase name="playDemo" time="57.663" classname="DataProvider.DataProviderTest"/>
</testsuite> <!-- DataProvider.DataProviderTest -->
