<?xml version="1.0" encoding="UTF-8"?>
<!-- Generated by org.testng.reporters.JUnitReportReporter -->
<testsuite skipped="3" hostname="INW-169" name="Test.TestAccounts" tests="4" failures="0" timestamp="29 Jul 2019 14:38:20 GMT" time="60.215" errors="0">
  <testcase name="earnTokenPopup" time="60.215" classname="Test.TestAccounts"/>
  <testcase name="optionTokenHistory" classname="Test.TestAccounts">
    <skipped/>
  </testcase> <!-- optionTokenHistory -->
  <testcase name="optionRewards" classname="Test.TestAccounts">
    <skipped/>
  </testcase> <!-- optionRewards -->
  <testcase name="updateUserDetails" classname="Test.TestAccounts">
    <skipped/>
  </testcase> <!-- updateUserDetails -->
</testsuite> <!-- Test.TestAccounts -->
