<?xml version="1.0" encoding="UTF-8"?>
<!-- Generated by org.testng.reporters.JUnitReportReporter -->
<testsuite skipped="0" hostname="INW-169" name="Test.TestResult" tests="1" failures="0" timestamp="24 Jul 2019 12:36:41 GMT" time="110.109" errors="0">
  <testcase name="resultTest" time="110.109" classname="Test.TestResult"/>
</testsuite> <!-- Test.TestResult -->
